<?xml version="1.0" encoding="UTF-8"?>
<testng-results ignored="0" total="2" passed="2" failed="0" skipped="0">
  <reporter-output>
  </reporter-output>
  <suite started-at="2022-02-01T14:28:16 EET" name="Default Suite" finished-at="2022-02-01T14:28:33 EET" duration-ms="16458">
    <groups>
    </groups>
    <test started-at="2022-02-01T14:28:16 EET" name="DemoQATeodora" finished-at="2022-02-01T14:28:33 EET" duration-ms="16458">
      <class name="SearchWikipedia">
        <test-method is-config="true" signature="setUp(java.lang.String)[pri:0, instance:SearchWikipedia@66d18979]" started-at="2022-02-01T14:28:16 EET" name="setUp" finished-at="2022-02-01T14:28:23 EET" duration-ms="6631" status="PASS">
          <params>
            <param index="0">
              <value>
                <![CDATA[firefox]]>
              </value>
            </param>
          </params>
          <reporter-output>
          </reporter-output>
        </test-method> <!-- setUp -->
        <test-method is-config="true" signature="beforeMethod()[pri:0, instance:SearchWikipedia@66d18979]" started-at="2022-02-01T14:28:23 EET" name="beforeMethod" finished-at="2022-02-01T14:28:23 EET" duration-ms="4" status="PASS">
          <reporter-output>
          </reporter-output>
        </test-method> <!-- beforeMethod -->
        <test-method signature="changeToEnglish()[pri:0, instance:SearchWikipedia@66d18979]" started-at="2022-02-01T14:28:23 EET" name="changeToEnglish" finished-at="2022-02-01T14:28:24 EET" duration-ms="1139" status="PASS">
          <reporter-output>
          </reporter-output>
        </test-method> <!-- changeToEnglish -->
        <test-method is-config="true" signature="takeScreenShotOnFailure(org.testng.ITestResult)[pri:0, instance:SearchWikipedia@66d18979]" started-at="2022-02-01T14:28:24 EET" name="takeScreenShotOnFailure" finished-at="2022-02-01T14:28:24 EET" duration-ms="2" status="PASS">
          <params>
            <param index="0">
              <value>
                <![CDATA[[TestResult name=changeToEnglish status=SUCCESS method=SearchWikipedia.changeToEnglish()[pri:0, instance:SearchWikipedia@66d18979] output={null}]]]>
              </value>
            </param>
          </params>
          <reporter-output>
          </reporter-output>
        </test-method> <!-- takeScreenShotOnFailure -->
        <test-method is-config="true" signature="tearDown()[pri:0, instance:SearchWikipedia@66d18979]" started-at="2022-02-01T14:28:24 EET" name="tearDown" finished-at="2022-02-01T14:28:26 EET" duration-ms="2056" status="PASS">
          <reporter-output>
          </reporter-output>
        </test-method> <!-- tearDown -->
        <test-method is-config="true" signature="setUp(java.lang.String)[pri:0, instance:SearchWikipedia@66d18979]" started-at="2022-02-01T14:28:26 EET" name="setUp" finished-at="2022-02-01T14:28:30 EET" duration-ms="3938" status="PASS">
          <params>
            <param index="0">
              <value>
                <![CDATA[firefox]]>
              </value>
            </param>
          </params>
          <reporter-output>
          </reporter-output>
        </test-method> <!-- setUp -->
        <test-method is-config="true" signature="beforeMethod()[pri:0, instance:SearchWikipedia@66d18979]" started-at="2022-02-01T14:28:30 EET" name="beforeMethod" finished-at="2022-02-01T14:28:30 EET" duration-ms="0" status="PASS">
          <reporter-output>
          </reporter-output>
        </test-method> <!-- beforeMethod -->
        <test-method signature="searchTest()[pri:0, instance:SearchWikipedia@66d18979]" started-at="2022-02-01T14:28:30 EET" name="searchTest" finished-at="2022-02-01T14:28:31 EET" duration-ms="1267" status="PASS">
          <reporter-output>
          </reporter-output>
        </test-method> <!-- searchTest -->
        <test-method is-config="true" signature="tearDown()[pri:0, instance:SearchWikipedia@66d18979]" started-at="2022-02-01T14:28:31 EET" name="tearDown" finished-at="2022-02-01T14:28:33 EET" duration-ms="1369" status="PASS">
          <reporter-output>
          </reporter-output>
        </test-method> <!-- tearDown -->
        <test-method is-config="true" signature="takeScreenShotOnFailure(org.testng.ITestResult)[pri:0, instance:SearchWikipedia@66d18979]" started-at="2022-02-01T14:28:31 EET" name="takeScreenShotOnFailure" finished-at="2022-02-01T14:28:31 EET" duration-ms="0" status="PASS">
          <params>
            <param index="0">
              <value>
                <![CDATA[[TestResult name=searchTest status=SUCCESS method=SearchWikipedia.searchTest()[pri:0, instance:SearchWikipedia@66d18979] output={null}]]]>
              </value>
            </param>
          </params>
          <reporter-output>
          </reporter-output>
        </test-method> <!-- takeScreenShotOnFailure -->
      </class> <!-- SearchWikipedia -->
    </test> <!-- DemoQATeodora -->
  </suite> <!-- Default Suite -->
</testng-results>
