<?xml version="1.0" encoding="UTF-8"?>
<testng-results ignored="0" total="1" passed="1" failed="0" skipped="0">
  <reporter-output>
  </reporter-output>
  <suite started-at="2021-12-24T08:53:34 EET" name="Default Suite" finished-at="2021-12-24T08:53:45 EET" duration-ms="10454">
    <groups>
    </groups>
    <test started-at="2021-12-24T08:53:34 EET" name="DemoQATeodora" finished-at="2021-12-24T08:53:45 EET" duration-ms="10454">
      <class name="SearchWikipedia">
        <test-method is-config="true" signature="beforeSuite()[pri:0, instance:SearchWikipedia@2002fc1d]" started-at="2021-12-24T08:53:33 EET" name="beforeSuite" finished-at="2021-12-24T08:53:34 EET" duration-ms="1006" status="PASS">
          <reporter-output>
          </reporter-output>
        </test-method> <!-- beforeSuite -->
        <test-method is-config="true" signature="init()[pri:0, instance:SearchWikipedia@2002fc1d]" started-at="2021-12-24T08:53:34 EET" name="init" finished-at="2021-12-24T08:53:39 EET" duration-ms="4262" status="PASS">
          <reporter-output>
          </reporter-output>
        </test-method> <!-- init -->
        <test-method is-config="true" signature="beforeMethod()[pri:0, instance:SearchWikipedia@2002fc1d]" started-at="2021-12-24T08:53:39 EET" name="beforeMethod" finished-at="2021-12-24T08:53:39 EET" duration-ms="4" status="PASS">
          <reporter-output>
          </reporter-output>
        </test-method> <!-- beforeMethod -->
        <test-method signature="searchTest()[pri:0, instance:SearchWikipedia@2002fc1d]" started-at="2021-12-24T08:53:39 EET" name="searchTest" finished-at="2021-12-24T08:53:43 EET" duration-ms="4403" status="PASS">
          <reporter-output>
          </reporter-output>
        </test-method> <!-- searchTest -->
        <test-method is-config="true" signature="tearDown()[pri:0, instance:SearchWikipedia@2002fc1d]" started-at="2021-12-24T08:53:43 EET" name="tearDown" finished-at="2021-12-24T08:53:45 EET" duration-ms="1699" status="PASS">
          <reporter-output>
          </reporter-output>
        </test-method> <!-- tearDown -->
      </class> <!-- SearchWikipedia -->
    </test> <!-- DemoQATeodora -->
  </suite> <!-- Default Suite -->
</testng-results>
